{
  "stats": {
    "suites": 1,
    "tests": 5,
    "passes": 5,
    "pending": 0,
    "failures": 0,
    "start": "2024-06-23T06:28:21.221Z",
    "end": "2024-06-23T06:28:22.686Z",
    "duration": 1465,
    "testsRegistered": 5,
    "passPercent": 100,
    "pendingPercent": 0,
    "other": 0,
    "hasOther": false,
    "skipped": 0,
    "hasSkipped": false
  },
  "results": [
    {
      "uuid": "7bd8d8de-fd00-4c53-b430-dec3c3b52f7f",
      "title": "",
      "fullFile": "cypress/e2e/api/authServices.cy.js",
      "file": "cypress/e2e/api/authServices.cy.js",
      "beforeHooks": [],
      "afterHooks": [],
      "tests": [],
      "suites": [
        {
          "uuid": "7d79a628-063d-4c5d-9de1-c06d784b1f4c",
          "title": "Auth Services Tests",
          "fullFile": "",
          "file": "",
          "beforeHooks": [],
          "afterHooks": [],
          "tests": [
            {
              "title": "Validating SignUp API response for a new user",
              "fullTitle": "Auth Services Tests Validating SignUp API response for a new user",
              "timedOut": null,
              "duration": 459,
              "state": "passed",
              "speed": "fast",
              "pass": true,
              "fail": false,
              "pending": false,
              "context": null,
              "code": "cy.fixture('credentials.json').then(credentials => {\n  cy.request('POST', 'https://api.demoblaze.com/signup', credentials).then(response => {\n    (0, _chai.expect)(response.status).to.be.eq(200);\n    (0, _chai.expect)(response.body).to.be.eq(\"\");\n  });\n});",
              "err": {},
              "uuid": "8743e4ea-bd15-4e73-b0d7-c0e42bec9b89",
              "parentUUID": "7d79a628-063d-4c5d-9de1-c06d784b1f4c",
              "isHook": false,
              "skipped": false
            },
            {
              "title": "Validating SignUp API response for a user that is already in use",
              "fullTitle": "Auth Services Tests Validating SignUp API response for a user that is already in use",
              "timedOut": null,
              "duration": 156,
              "state": "passed",
              "speed": "fast",
              "pass": true,
              "fail": false,
              "pending": false,
              "context": null,
              "code": "cy.fixture('credentials.json').then(credentials => {\n  cy.request('POST', 'https://api.demoblaze.com/signup', credentials).then(response => {\n    (0, _chai.expect)(response.status).to.be.eq(200);\n    (0, _chai.expect)(response.body.errorMessage).to.be.eq('This user already exist.');\n  });\n});",
              "err": {},
              "uuid": "3f05f987-d9d8-4b1b-8bbb-fbc1ddad77c1",
              "parentUUID": "7d79a628-063d-4c5d-9de1-c06d784b1f4c",
              "isHook": false,
              "skipped": false
            },
            {
              "title": "Validating Login API response for a valid user",
              "fullTitle": "Auth Services Tests Validating Login API response for a valid user",
              "timedOut": null,
              "duration": 227,
              "state": "passed",
              "speed": "fast",
              "pass": true,
              "fail": false,
              "pending": false,
              "context": null,
              "code": "cy.fixture('credentials.json').then(credentials => {\n  cy.request('POST', 'https://api.demoblaze.com/login', credentials).then(response => {\n    (0, _chai.expect)(response.status).to.be.eq(200);\n    (0, _chai.expect)(response.body).to.contain('Auth_token');\n  });\n});",
              "err": {},
              "uuid": "467ad7bf-d7d7-4a03-961b-27a49d613b47",
              "parentUUID": "7d79a628-063d-4c5d-9de1-c06d784b1f4c",
              "isHook": false,
              "skipped": false
            },
            {
              "title": "Validating Login API response for an invalid username",
              "fullTitle": "Auth Services Tests Validating Login API response for an invalid username",
              "timedOut": null,
              "duration": 154,
              "state": "passed",
              "speed": "fast",
              "pass": true,
              "fail": false,
              "pending": false,
              "context": null,
              "code": "cy.fixture('credentials.json').then(credentials => {\n  credentials.username = `error${credentials.username}`;\n  cy.request('POST', 'https://api.demoblaze.com/login', credentials).then(response => {\n    (0, _chai.expect)(response.status).to.be.eq(200);\n    (0, _chai.expect)(response.body.errorMessage).to.be.eq('User does not exist.');\n  });\n});",
              "err": {},
              "uuid": "1b6e2830-8b14-447b-b90c-3eabc9ceade8",
              "parentUUID": "7d79a628-063d-4c5d-9de1-c06d784b1f4c",
              "isHook": false,
              "skipped": false
            },
            {
              "title": "Validating Login API response for an invalid password",
              "fullTitle": "Auth Services Tests Validating Login API response for an invalid password",
              "timedOut": null,
              "duration": 340,
              "state": "passed",
              "speed": "fast",
              "pass": true,
              "fail": false,
              "pending": false,
              "context": null,
              "code": "cy.fixture('credentials.json').then(credentials => {\n  credentials.password = `error${credentials.password}`;\n  cy.request('POST', 'https://api.demoblaze.com/login', credentials).then(response => {\n    (0, _chai.expect)(response.status).to.be.eq(200);\n    (0, _chai.expect)(response.body.errorMessage).to.be.eq('Wrong password.');\n  });\n});",
              "err": {},
              "uuid": "3ca1b2a2-585c-4396-a7bf-8937d0df75ea",
              "parentUUID": "7d79a628-063d-4c5d-9de1-c06d784b1f4c",
              "isHook": false,
              "skipped": false
            }
          ],
          "suites": [],
          "passes": [
            "8743e4ea-bd15-4e73-b0d7-c0e42bec9b89",
            "3f05f987-d9d8-4b1b-8bbb-fbc1ddad77c1",
            "467ad7bf-d7d7-4a03-961b-27a49d613b47",
            "1b6e2830-8b14-447b-b90c-3eabc9ceade8",
            "3ca1b2a2-585c-4396-a7bf-8937d0df75ea"
          ],
          "failures": [],
          "pending": [],
          "skipped": [],
          "duration": 1336,
          "root": false,
          "rootEmpty": false,
          "_timeout": 2000
        }
      ],
      "passes": [],
      "failures": [],
      "pending": [],
      "skipped": [],
      "duration": 0,
      "root": true,
      "rootEmpty": true,
      "_timeout": 2000
    }
  ],
  "meta": {
    "mocha": {
      "version": "7.0.1"
    },
    "mochawesome": {
      "options": {
        "quiet": false,
        "reportFilename": "api_test_report",
        "saveHtml": true,
        "saveJson": true,
        "consoleReporter": "spec",
        "useInlineDiffs": false,
        "code": true
      },
      "version": "7.1.3"
    },
    "marge": {
      "options": {
        "reportDir": "cypress/reports/api",
        "reportFilename": "api_test_report",
        "overwrite": true,
        "html": true
      },
      "version": "6.2.0"
    }
  }
}